[20:07:15] [Client thread/INFO]: Setting user: Player919
[20:07:20] [Client thread/INFO]: LWJGL Version: 2.9.1
[20:07:26] [Client thread/INFO]: Reloading ResourceManager: Default, FMLFileResourcePack:Forge Mod Loader, FMLFileResourcePack:Minecraft Forge, FMLFileResourcePack:Mo' Furnaces Mod
[20:07:27] [Sound Library Loader/INFO]: Starting up SoundSystem...
[20:07:27] [Thread-7/INFO]: Initializing LWJGL OpenAL
[20:07:27] [Thread-7/INFO]: (The LWJGL binding of OpenAL.  For more information, see http://www.lwjgl.org)
[20:07:27] [Thread-7/INFO]: OpenAL initialized.
[20:07:27] [Sound Library Loader/INFO]: Sound engine started
[20:07:38] [Client thread/INFO]: Created: 512x512 textures-atlas
[20:07:40] [Client thread/INFO]: Reloading ResourceManager: Default, FMLFileResourcePack:Forge Mod Loader, FMLFileResourcePack:Minecraft Forge, FMLFileResourcePack:Mo' Furnaces Mod
[20:07:40] [Client thread/INFO]: SoundSystem shutting down...
[20:07:40] [Client thread/WARN]: Author: Paul Lamb, www.paulscode.com
[20:07:40] [Sound Library Loader/INFO]: Starting up SoundSystem...
[20:07:41] [Thread-9/INFO]: Initializing LWJGL OpenAL
[20:07:41] [Thread-9/INFO]: (The LWJGL binding of OpenAL.  For more information, see http://www.lwjgl.org)
[20:07:41] [Thread-9/INFO]: OpenAL initialized.
[20:07:41] [Sound Library Loader/INFO]: Sound engine started
[20:07:50] [Client thread/INFO]: Created: 512x512 textures-atlas
[20:08:02] [Client thread/INFO]: Stopping!
[20:08:02] [Client thread/INFO]: SoundSystem shutting down...
[20:08:02] [Client thread/WARN]: Author: Paul Lamb, www.paulscode.com
